Analysis & Synthesis report for A2
Tue Oct 08 23:27:25 2024
Quartus Prime Version 20.1.0 Build 711 06/05/2020 SJ Lite Edition


---------------------
; Table of Contents ;
---------------------
  1. Legal Notice
  2. Analysis & Synthesis Summary
  3. Analysis & Synthesis Settings
  4. Parallel Compilation
  5. Analysis & Synthesis Source Files Read
  6. Analysis & Synthesis Resource Usage Summary
  7. Analysis & Synthesis Resource Utilization by Entity
  8. Registers Removed During Synthesis
  9. Removed Registers Triggering Further Register Optimizations
 10. General Register Statistics
 11. Inverted Register Statistics
 12. Multiplexer Restructuring Statistics (Restructuring Performed)
 13. Parameter Settings for User Entity Instance: Top-level Entity: |uart_comm
 14. Parameter Settings for User Entity Instance: uart_tx:uart_instance
 15. Port Connectivity Checks: "uart_tx:uart_instance"
 16. Post-Synthesis Netlist Statistics for Top Partition
 17. Elapsed Time Per Partition
 18. Analysis & Synthesis Messages
 19. Analysis & Synthesis Suppressed Messages



----------------
; Legal Notice ;
----------------
Copyright (C) 2020  Intel Corporation. All rights reserved.
Your use of Intel Corporation's design tools, logic functions 
and other software and tools, and any partner logic 
functions, and any output files from any of the foregoing 
(including device programming or simulation files), and any 
associated documentation or information are expressly subject 
to the terms and conditions of the Intel Program License 
Subscription Agreement, the Intel Quartus Prime License Agreement,
the Intel FPGA IP License Agreement, or other applicable license
agreement, including, without limitation, that your use is for
the sole purpose of programming logic devices manufactured by
Intel and sold by Intel or its authorized distributors.  Please
refer to the applicable agreement for further details, at
https://fpgasoftware.intel.com/eula.



+----------------------------------------------------------------------------------+
; Analysis & Synthesis Summary                                                     ;
+------------------------------------+---------------------------------------------+
; Analysis & Synthesis Status        ; Successful - Tue Oct 08 23:27:25 2024       ;
; Quartus Prime Version              ; 20.1.0 Build 711 06/05/2020 SJ Lite Edition ;
; Revision Name                      ; A2                                          ;
; Top-level Entity Name              ; uart_comm                                   ;
; Family                             ; Cyclone IV E                                ;
; Total logic elements               ; 304                                         ;
;     Total combinational functions  ; 303                                         ;
;     Dedicated logic registers      ; 81                                          ;
; Total registers                    ; 81                                          ;
; Total pins                         ; 25                                          ;
; Total virtual pins                 ; 0                                           ;
; Total memory bits                  ; 0                                           ;
; Embedded Multiplier 9-bit elements ; 0                                           ;
; Total PLLs                         ; 0                                           ;
+------------------------------------+---------------------------------------------+


+------------------------------------------------------------------------------------------------------------+
; Analysis & Synthesis Settings                                                                              ;
+------------------------------------------------------------------+--------------------+--------------------+
; Option                                                           ; Setting            ; Default Value      ;
+------------------------------------------------------------------+--------------------+--------------------+
; Device                                                           ; EP4CE115F29C7      ;                    ;
; Top-level entity name                                            ; uart_comm          ; A2                 ;
; Family name                                                      ; Cyclone IV E       ; Cyclone V          ;
; Use smart compilation                                            ; Off                ; Off                ;
; Enable parallel Assembler and Timing Analyzer during compilation ; On                 ; On                 ;
; Enable compact report table                                      ; Off                ; Off                ;
; Restructure Multiplexers                                         ; Auto               ; Auto               ;
; Create Debugging Nodes for IP Cores                              ; Off                ; Off                ;
; Preserve fewer node names                                        ; On                 ; On                 ;
; Intel FPGA IP Evaluation Mode                                    ; Enable             ; Enable             ;
; Verilog Version                                                  ; Verilog_2001       ; Verilog_2001       ;
; VHDL Version                                                     ; VHDL_1993          ; VHDL_1993          ;
; State Machine Processing                                         ; Auto               ; Auto               ;
; Safe State Machine                                               ; Off                ; Off                ;
; Extract Verilog State Machines                                   ; On                 ; On                 ;
; Extract VHDL State Machines                                      ; On                 ; On                 ;
; Ignore Verilog initial constructs                                ; Off                ; Off                ;
; Iteration limit for constant Verilog loops                       ; 5000               ; 5000               ;
; Iteration limit for non-constant Verilog loops                   ; 250                ; 250                ;
; Add Pass-Through Logic to Inferred RAMs                          ; On                 ; On                 ;
; Infer RAMs from Raw Logic                                        ; On                 ; On                 ;
; Parallel Synthesis                                               ; On                 ; On                 ;
; DSP Block Balancing                                              ; Auto               ; Auto               ;
; NOT Gate Push-Back                                               ; On                 ; On                 ;
; Power-Up Don't Care                                              ; On                 ; On                 ;
; Remove Redundant Logic Cells                                     ; Off                ; Off                ;
; Remove Duplicate Registers                                       ; On                 ; On                 ;
; Ignore CARRY Buffers                                             ; Off                ; Off                ;
; Ignore CASCADE Buffers                                           ; Off                ; Off                ;
; Ignore GLOBAL Buffers                                            ; Off                ; Off                ;
; Ignore ROW GLOBAL Buffers                                        ; Off                ; Off                ;
; Ignore LCELL Buffers                                             ; Off                ; Off                ;
; Ignore SOFT Buffers                                              ; On                 ; On                 ;
; Limit AHDL Integers to 32 Bits                                   ; Off                ; Off                ;
; Optimization Technique                                           ; Balanced           ; Balanced           ;
; Carry Chain Length                                               ; 70                 ; 70                 ;
; Auto Carry Chains                                                ; On                 ; On                 ;
; Auto Open-Drain Pins                                             ; On                 ; On                 ;
; Perform WYSIWYG Primitive Resynthesis                            ; Off                ; Off                ;
; Auto ROM Replacement                                             ; On                 ; On                 ;
; Auto RAM Replacement                                             ; On                 ; On                 ;
; Auto DSP Block Replacement                                       ; On                 ; On                 ;
; Auto Shift Register Replacement                                  ; Auto               ; Auto               ;
; Allow Shift Register Merging across Hierarchies                  ; Auto               ; Auto               ;
; Auto Clock Enable Replacement                                    ; On                 ; On                 ;
; Strict RAM Replacement                                           ; Off                ; Off                ;
; Allow Synchronous Control Signals                                ; On                 ; On                 ;
; Force Use of Synchronous Clear Signals                           ; Off                ; Off                ;
; Auto RAM Block Balancing                                         ; On                 ; On                 ;
; Auto RAM to Logic Cell Conversion                                ; Off                ; Off                ;
; Auto Resource Sharing                                            ; Off                ; Off                ;
; Allow Any RAM Size For Recognition                               ; Off                ; Off                ;
; Allow Any ROM Size For Recognition                               ; Off                ; Off                ;
; Allow Any Shift Register Size For Recognition                    ; Off                ; Off                ;
; Use LogicLock Constraints during Resource Balancing              ; On                 ; On                 ;
; Ignore translate_off and synthesis_off directives                ; Off                ; Off                ;
; Timing-Driven Synthesis                                          ; On                 ; On                 ;
; Report Parameter Settings                                        ; On                 ; On                 ;
; Report Source Assignments                                        ; On                 ; On                 ;
; Report Connectivity Checks                                       ; On                 ; On                 ;
; Ignore Maximum Fan-Out Assignments                               ; Off                ; Off                ;
; Synchronization Register Chain Length                            ; 2                  ; 2                  ;
; Power Optimization During Synthesis                              ; Normal compilation ; Normal compilation ;
; HDL message level                                                ; Level2             ; Level2             ;
; Suppress Register Optimization Related Messages                  ; Off                ; Off                ;
; Number of Removed Registers Reported in Synthesis Report         ; 5000               ; 5000               ;
; Number of Swept Nodes Reported in Synthesis Report               ; 5000               ; 5000               ;
; Number of Inverted Registers Reported in Synthesis Report        ; 100                ; 100                ;
; Clock MUX Protection                                             ; On                 ; On                 ;
; Auto Gated Clock Conversion                                      ; Off                ; Off                ;
; Block Design Naming                                              ; Auto               ; Auto               ;
; SDC constraint protection                                        ; Off                ; Off                ;
; Synthesis Effort                                                 ; Auto               ; Auto               ;
; Shift Register Replacement - Allow Asynchronous Clear Signal     ; On                 ; On                 ;
; Pre-Mapping Resynthesis Optimization                             ; Off                ; Off                ;
; Analysis & Synthesis Message Level                               ; Medium             ; Medium             ;
; Disable Register Merging Across Hierarchies                      ; Auto               ; Auto               ;
; Resource Aware Inference For Block RAM                           ; On                 ; On                 ;
+------------------------------------------------------------------+--------------------+--------------------+


+------------------------------------------+
; Parallel Compilation                     ;
+----------------------------+-------------+
; Processors                 ; Number      ;
+----------------------------+-------------+
; Number detected on machine ; 20          ;
; Maximum allowed            ; 14          ;
;                            ;             ;
; Average used               ; 1.00        ;
; Maximum used               ; 14          ;
;                            ;             ;
; Usage by Processor         ; % Time Used ;
;     Processor 1            ; 100.0%      ;
;     Processor 2            ;   0.0%      ;
;     Processors 3-14        ;   0.0%      ;
+----------------------------+-------------+


+--------------------------------------------------------------------------------------------------------------------------------+
; Analysis & Synthesis Source Files Read                                                                                         ;
+----------------------------------+-----------------+------------------------------+----------------------------------+---------+
; File Name with User-Entered Path ; Used in Netlist ; File Type                    ; File Name with Absolute Path     ; Library ;
+----------------------------------+-----------------+------------------------------+----------------------------------+---------+
; uart_tx.sv                       ; yes             ; User SystemVerilog HDL File  ; D:/2402/MTRX3700/A2/uart_tx.sv   ;         ;
; uart_comm.sv                     ; yes             ; User SystemVerilog HDL File  ; D:/2402/MTRX3700/A2/uart_comm.sv ;         ;
+----------------------------------+-----------------+------------------------------+----------------------------------+---------+


+---------------------------------------------------------+
; Analysis & Synthesis Resource Usage Summary             ;
+---------------------------------------------+-----------+
; Resource                                    ; Usage     ;
+---------------------------------------------+-----------+
; Estimated Total logic elements              ; 304       ;
;                                             ;           ;
; Total combinational functions               ; 303       ;
; Logic element usage by number of LUT inputs ;           ;
;     -- 4 input functions                    ; 186       ;
;     -- 3 input functions                    ; 47        ;
;     -- <=2 input functions                  ; 70        ;
;                                             ;           ;
; Logic elements by mode                      ;           ;
;     -- normal mode                          ; 272       ;
;     -- arithmetic mode                      ; 31        ;
;                                             ;           ;
; Total registers                             ; 81        ;
;     -- Dedicated logic registers            ; 81        ;
;     -- I/O registers                        ; 0         ;
;                                             ;           ;
; I/O pins                                    ; 25        ;
;                                             ;           ;
; Embedded Multiplier 9-bit elements          ; 0         ;
;                                             ;           ;
; Maximum fan-out node                        ; rst~input ;
; Maximum fan-out                             ; 118       ;
; Total fan-out                               ; 1323      ;
; Average fan-out                             ; 3.05      ;
+---------------------------------------------+-----------+


+-----------------------------------------------------------------------------------------------------------------------------------------------------------------------------------------------------------------------+
; Analysis & Synthesis Resource Utilization by Entity                                                                                                                                                                   ;
+----------------------------+---------------------+---------------------------+-------------+--------------+---------+-----------+------+--------------+----------------------------------+-------------+--------------+
; Compilation Hierarchy Node ; Combinational ALUTs ; Dedicated Logic Registers ; Memory Bits ; DSP Elements ; DSP 9x9 ; DSP 18x18 ; Pins ; Virtual Pins ; Full Hierarchy Name              ; Entity Name ; Library Name ;
+----------------------------+---------------------+---------------------------+-------------+--------------+---------+-----------+------+--------------+----------------------------------+-------------+--------------+
; |uart_comm                 ; 303 (195)           ; 81 (36)                   ; 0           ; 0            ; 0       ; 0         ; 25   ; 0            ; |uart_comm                       ; uart_comm   ; work         ;
;    |uart_tx:uart_instance| ; 108 (108)           ; 45 (45)                   ; 0           ; 0            ; 0       ; 0         ; 0    ; 0            ; |uart_comm|uart_tx:uart_instance ; uart_tx     ; work         ;
+----------------------------+---------------------+---------------------------+-------------+--------------+---------+-----------+------+--------------+----------------------------------+-------------+--------------+
Note: For table entries with two numbers listed, the numbers in parentheses indicate the number of resources of the given type used by the specific entity alone. The numbers listed outside of parentheses indicate the total resources of the given type used by the specific entity and all of its sub-entities in the hierarchy.


+-------------------------------------------------------------------------------------+
; Registers Removed During Synthesis                                                  ;
+--------------------------------------------+----------------------------------------+
; Register name                              ; Reason for Removal                     ;
+--------------------------------------------+----------------------------------------+
; data_mem[11][7]                            ; Stuck at GND due to stuck port data_in ;
; data_mem[11][6]                            ; Stuck at GND due to stuck port data_in ;
; data_mem[11][5]                            ; Stuck at VCC due to stuck port data_in ;
; data_mem[11][4]                            ; Stuck at VCC due to stuck port data_in ;
; data_mem[11][3]                            ; Stuck at GND due to stuck port data_in ;
; data_mem[11][2]                            ; Stuck at GND due to stuck port data_in ;
; data_mem[11][1]                            ; Stuck at GND due to stuck port data_in ;
; data_mem[13][7]                            ; Stuck at GND due to stuck port data_in ;
; data_mem[13][6]                            ; Stuck at GND due to stuck port data_in ;
; data_mem[13][5]                            ; Stuck at VCC due to stuck port data_in ;
; data_mem[13][4]                            ; Stuck at VCC due to stuck port data_in ;
; data_mem[13][3]                            ; Stuck at GND due to stuck port data_in ;
; data_mem[13][1]                            ; Stuck at GND due to stuck port data_in ;
; data_mem[19][7]                            ; Stuck at GND due to stuck port data_in ;
; data_mem[19][6]                            ; Stuck at GND due to stuck port data_in ;
; data_mem[19][5]                            ; Stuck at VCC due to stuck port data_in ;
; data_mem[19][4]                            ; Stuck at VCC due to stuck port data_in ;
; data_mem[19][3]                            ; Stuck at GND due to stuck port data_in ;
; data_mem[19][2]                            ; Stuck at GND due to stuck port data_in ;
; data_mem[19][1]                            ; Stuck at GND due to stuck port data_in ;
; data_mem[21][7]                            ; Stuck at GND due to stuck port data_in ;
; data_mem[21][6]                            ; Stuck at GND due to stuck port data_in ;
; data_mem[21][5]                            ; Stuck at VCC due to stuck port data_in ;
; data_mem[21][4]                            ; Stuck at VCC due to stuck port data_in ;
; data_mem[21][3]                            ; Stuck at GND due to stuck port data_in ;
; data_mem[21][1]                            ; Stuck at GND due to stuck port data_in ;
; uart_tx:uart_instance|current_state[3..31] ; Stuck at GND due to stuck port data_in ;
; uart_tx:uart_instance|parity_bit           ; Stuck at GND due to stuck port data_in ;
; data_mem[13][2]                            ; Merged with data_mem[13][0]            ;
; data_mem[21][0]                            ; Merged with data_mem[13][0]            ;
; data_mem[21][2]                            ; Merged with data_mem[13][0]            ;
; data_tx[7]                                 ; Stuck at GND due to stuck port data_in ;
; uart_tx:uart_instance|data_tx_temp[7]      ; Stuck at GND due to stuck port data_in ;
; Total Number of Removed Registers = 61     ;                                        ;
+--------------------------------------------+----------------------------------------+


+-------------------------------------------------------------------------------------------------+
; Removed Registers Triggering Further Register Optimizations                                     ;
+-----------------+---------------------------+---------------------------------------------------+
; Register name   ; Reason for Removal        ; Registers Removed due to This Register            ;
+-----------------+---------------------------+---------------------------------------------------+
; data_mem[11][7] ; Stuck at GND              ; data_tx[7], uart_tx:uart_instance|data_tx_temp[7] ;
;                 ; due to stuck port data_in ;                                                   ;
+-----------------+---------------------------+---------------------------------------------------+


+------------------------------------------------------+
; General Register Statistics                          ;
+----------------------------------------------+-------+
; Statistic                                    ; Value ;
+----------------------------------------------+-------+
; Total registers                              ; 81    ;
; Number of registers using Synchronous Clear  ; 38    ;
; Number of registers using Synchronous Load   ; 0     ;
; Number of registers using Asynchronous Clear ; 32    ;
; Number of registers using Asynchronous Load  ; 0     ;
; Number of registers using Clock Enable       ; 41    ;
; Number of registers using Preset             ; 0     ;
+----------------------------------------------+-------+


+--------------------------------------------------+
; Inverted Register Statistics                     ;
+----------------------------------------+---------+
; Inverted Register                      ; Fan out ;
+----------------------------------------+---------+
; data_mem[13][0]                        ; 7       ;
; Total number of inverted registers = 1 ;         ;
+----------------------------------------+---------+


+----------------------------------------------------------------------------------------------------------------------------------------------------------------+
; Multiplexer Restructuring Statistics (Restructuring Performed)                                                                                                 ;
+--------------------+-----------+---------------+----------------------+------------------------+------------+--------------------------------------------------+
; Multiplexer Inputs ; Bus Width ; Baseline Area ; Area if Restructured ; Saving if Restructured ; Registered ; Example Multiplexer Output                       ;
+--------------------+-----------+---------------+----------------------+------------------------+------------+--------------------------------------------------+
; 3:1                ; 8 bits    ; 16 LEs        ; 8 LEs                ; 8 LEs                  ; Yes        ; |uart_comm|uart_tx:uart_instance|data_tx_temp[7] ;
; 11:1               ; 4 bits    ; 28 LEs        ; 12 LEs               ; 16 LEs                 ; Yes        ; |uart_comm|data_tx[1]                            ;
+--------------------+-----------+---------------+----------------------+------------------------+------------+--------------------------------------------------+


+---------------------------------------------------------------------------+
; Parameter Settings for User Entity Instance: Top-level Entity: |uart_comm ;
+----------------+-------+--------------------------------------------------+
; Parameter Name ; Value ; Type                                             ;
+----------------+-------+--------------------------------------------------+
; CLKS_PER_BIT   ; 3     ; Signed Integer                                   ;
+----------------+-------+--------------------------------------------------+
Note: In order to hide this table in the UI and the text report file, please set the "Show Parameter Settings in Synthesis Report" option in "Analysis and Synthesis Settings -> More Settings" to "Off".


+--------------------------------------------------------------------+
; Parameter Settings for User Entity Instance: uart_tx:uart_instance ;
+----------------+-------+-------------------------------------------+
; Parameter Name ; Value ; Type                                      ;
+----------------+-------+-------------------------------------------+
; CLKS_PER_BIT   ; 3     ; Signed Integer                            ;
; BITS_N         ; 8     ; Signed Integer                            ;
; PARITY_TYPE    ; 0     ; Signed Integer                            ;
+----------------+-------+-------------------------------------------+
Note: In order to hide this table in the UI and the text report file, please set the "Show Parameter Settings in Synthesis Report" option in "Analysis and Synthesis Settings -> More Settings" to "Off".


+------------------------------------------------------------------------------------------------------------------------+
; Port Connectivity Checks: "uart_tx:uart_instance"                                                                      ;
+--------------+--------+----------+-------------------------------------------------------------------------------------+
; Port         ; Type   ; Severity ; Details                                                                             ;
+--------------+--------+----------+-------------------------------------------------------------------------------------+
; baud_trigger ; Output ; Info     ; Connected to dangling logic. Logic that only feeds a dangling port will be removed. ;
+--------------+--------+----------+-------------------------------------------------------------------------------------+


+-----------------------------------------------------+
; Post-Synthesis Netlist Statistics for Top Partition ;
+-----------------------+-----------------------------+
; Type                  ; Count                       ;
+-----------------------+-----------------------------+
; boundary_port         ; 25                          ;
; cycloneiii_ff         ; 81                          ;
;     CLR               ; 2                           ;
;     ENA               ; 11                          ;
;     ENA CLR           ; 30                          ;
;     SCLR              ; 38                          ;
; cycloneiii_lcell_comb ; 303                         ;
;     arith             ; 31                          ;
;         2 data inputs ; 31                          ;
;     normal            ; 272                         ;
;         1 data inputs ; 1                           ;
;         2 data inputs ; 38                          ;
;         3 data inputs ; 47                          ;
;         4 data inputs ; 186                         ;
;                       ;                             ;
; Max LUT depth         ; 8.00                        ;
; Average LUT depth     ; 4.00                        ;
+-----------------------+-----------------------------+


+-------------------------------+
; Elapsed Time Per Partition    ;
+----------------+--------------+
; Partition Name ; Elapsed Time ;
+----------------+--------------+
; Top            ; 00:00:01     ;
+----------------+--------------+


+-------------------------------+
; Analysis & Synthesis Messages ;
+-------------------------------+
Info: *******************************************************************
Info: Running Quartus Prime Analysis & Synthesis
    Info: Version 20.1.0 Build 711 06/05/2020 SJ Lite Edition
    Info: Processing started: Tue Oct 08 23:27:18 2024
Info: Command: quartus_map --read_settings_files=on --write_settings_files=off A2 -c A2
Warning (18236): Number of processors has not been specified which may cause overloading on shared machines.  Set the global assignment NUM_PARALLEL_PROCESSORS in your QSF to an appropriate value for best performance.
Info (20030): Parallel compilation is enabled and will use 14 of the 14 processors detected
Info (12021): Found 1 design units, including 1 entities, in source file top_level.sv
    Info (12023): Found entity 1: top_level File: D:/2402/MTRX3700/A2/top_level.sv Line: 1
Info (12021): Found 1 design units, including 1 entities, in source file uart_tx.sv
    Info (12023): Found entity 1: uart_tx File: D:/2402/MTRX3700/A2/uart_tx.sv Line: 1
Info (12021): Found 1 design units, including 1 entities, in source file uart_comm.sv
    Info (12023): Found entity 1: uart_comm File: D:/2402/MTRX3700/A2/uart_comm.sv Line: 1
Info (12021): Found 1 design units, including 1 entities, in source file top_level_tb.sv
    Info (12023): Found entity 1: top_level_tb File: D:/2402/MTRX3700/A2/top_level_tb.sv Line: 1
Info (12021): Found 1 design units, including 1 entities, in source file uart_comm_tb.sv
    Info (12023): Found entity 1: uart_comm_tb File: D:/2402/MTRX3700/A2/uart_comm_tb.sv Line: 1
Info (12021): Found 1 design units, including 1 entities, in source file uart_tx_tb.sv
    Info (12023): Found entity 1: uart_tx_tb File: D:/2402/MTRX3700/A2/uart_tx_tb.sv Line: 1
Info (12021): Found 0 design units, including 0 entities, in source file save.sv
Warning (10236): Verilog HDL Implicit Net warning at top_level.sv(14): created implicit net for "clk" File: D:/2402/MTRX3700/A2/top_level.sv Line: 14
Warning (10236): Verilog HDL Implicit Net warning at top_level.sv(16): created implicit net for "rst" File: D:/2402/MTRX3700/A2/top_level.sv Line: 16
Warning (10236): Verilog HDL Implicit Net warning at top_level.sv(18): created implicit net for "ready" File: D:/2402/MTRX3700/A2/top_level.sv Line: 18
Warning (10236): Verilog HDL Implicit Net warning at top_level.sv(19): created implicit net for "uart_out" File: D:/2402/MTRX3700/A2/top_level.sv Line: 19
Info (12127): Elaborating entity "uart_comm" for the top level hierarchy
Warning (10036): Verilog HDL or VHDL warning at uart_comm.sv(20): object "baud_trigger" assigned a value but never read File: D:/2402/MTRX3700/A2/uart_comm.sv Line: 20
Warning (10230): Verilog HDL assignment warning at uart_comm.sv(119): truncated value with size 32 to match size of target (5) File: D:/2402/MTRX3700/A2/uart_comm.sv Line: 119
Warning (10230): Verilog HDL assignment warning at uart_comm.sv(129): truncated value with size 32 to match size of target (5) File: D:/2402/MTRX3700/A2/uart_comm.sv Line: 129
Warning (10230): Verilog HDL assignment warning at uart_comm.sv(137): truncated value with size 32 to match size of target (5) File: D:/2402/MTRX3700/A2/uart_comm.sv Line: 137
Warning (10230): Verilog HDL assignment warning at uart_comm.sv(141): truncated value with size 32 to match size of target (5) File: D:/2402/MTRX3700/A2/uart_comm.sv Line: 141
Warning (10230): Verilog HDL assignment warning at uart_comm.sv(145): truncated value with size 32 to match size of target (5) File: D:/2402/MTRX3700/A2/uart_comm.sv Line: 145
Warning (10230): Verilog HDL assignment warning at uart_comm.sv(151): truncated value with size 32 to match size of target (5) File: D:/2402/MTRX3700/A2/uart_comm.sv Line: 151
Warning (10230): Verilog HDL assignment warning at uart_comm.sv(159): truncated value with size 32 to match size of target (5) File: D:/2402/MTRX3700/A2/uart_comm.sv Line: 159
Warning (10230): Verilog HDL assignment warning at uart_comm.sv(163): truncated value with size 32 to match size of target (5) File: D:/2402/MTRX3700/A2/uart_comm.sv Line: 163
Warning (10230): Verilog HDL assignment warning at uart_comm.sv(169): truncated value with size 32 to match size of target (5) File: D:/2402/MTRX3700/A2/uart_comm.sv Line: 169
Warning (10230): Verilog HDL assignment warning at uart_comm.sv(177): truncated value with size 32 to match size of target (5) File: D:/2402/MTRX3700/A2/uart_comm.sv Line: 177
Warning (10230): Verilog HDL assignment warning at uart_comm.sv(181): truncated value with size 32 to match size of target (5) File: D:/2402/MTRX3700/A2/uart_comm.sv Line: 181
Info (12128): Elaborating entity "uart_tx" for hierarchy "uart_tx:uart_instance" File: D:/2402/MTRX3700/A2/uart_comm.sv Line: 66
Warning (10230): Verilog HDL assignment warning at uart_tx.sv(21): truncated value with size 32 to match size of target (1) File: D:/2402/MTRX3700/A2/uart_tx.sv Line: 21
Warning (10230): Verilog HDL assignment warning at uart_tx.sv(68): truncated value with size 32 to match size of target (1) File: D:/2402/MTRX3700/A2/uart_tx.sv Line: 68
Warning (10270): Verilog HDL Case Statement warning at uart_tx.sv(81): incomplete case statement has no default case item File: D:/2402/MTRX3700/A2/uart_tx.sv Line: 81
Warning (13004): Presettable and clearable registers converted to equivalent circuits with latches. Registers power-up to an undefined state, and DEVCLRn places the registers in an undefined state.
    Warning (13310): Register "SW_prev[0]" is converted into an equivalent circuit using register "SW_prev[0]~_emulated" and latch "SW_prev[0]~1" File: D:/2402/MTRX3700/A2/uart_comm.sv Line: 80
    Warning (13310): Register "SW_prev[1]" is converted into an equivalent circuit using register "SW_prev[1]~_emulated" and latch "SW_prev[1]~5" File: D:/2402/MTRX3700/A2/uart_comm.sv Line: 80
    Warning (13310): Register "SW_prev[2]" is converted into an equivalent circuit using register "SW_prev[2]~_emulated" and latch "SW_prev[2]~9" File: D:/2402/MTRX3700/A2/uart_comm.sv Line: 80
    Warning (13310): Register "SW_prev[3]" is converted into an equivalent circuit using register "SW_prev[3]~_emulated" and latch "SW_prev[3]~13" File: D:/2402/MTRX3700/A2/uart_comm.sv Line: 80
    Warning (13310): Register "SW_prev[4]" is converted into an equivalent circuit using register "SW_prev[4]~_emulated" and latch "SW_prev[4]~17" File: D:/2402/MTRX3700/A2/uart_comm.sv Line: 80
    Warning (13310): Register "SW_prev[5]" is converted into an equivalent circuit using register "SW_prev[5]~_emulated" and latch "SW_prev[5]~21" File: D:/2402/MTRX3700/A2/uart_comm.sv Line: 80
    Warning (13310): Register "SW_prev[6]" is converted into an equivalent circuit using register "SW_prev[6]~_emulated" and latch "SW_prev[6]~25" File: D:/2402/MTRX3700/A2/uart_comm.sv Line: 80
    Warning (13310): Register "SW_prev[7]" is converted into an equivalent circuit using register "SW_prev[7]~_emulated" and latch "SW_prev[7]~29" File: D:/2402/MTRX3700/A2/uart_comm.sv Line: 80
    Warning (13310): Register "SW_prev[8]" is converted into an equivalent circuit using register "SW_prev[8]~_emulated" and latch "SW_prev[8]~33" File: D:/2402/MTRX3700/A2/uart_comm.sv Line: 80
    Warning (13310): Register "SW_prev[9]" is converted into an equivalent circuit using register "SW_prev[9]~_emulated" and latch "SW_prev[9]~37" File: D:/2402/MTRX3700/A2/uart_comm.sv Line: 80
    Warning (13310): Register "SW_prev[10]" is converted into an equivalent circuit using register "SW_prev[10]~_emulated" and latch "SW_prev[10]~41" File: D:/2402/MTRX3700/A2/uart_comm.sv Line: 80
    Warning (13310): Register "SW_prev[11]" is converted into an equivalent circuit using register "SW_prev[11]~_emulated" and latch "SW_prev[11]~45" File: D:/2402/MTRX3700/A2/uart_comm.sv Line: 80
    Warning (13310): Register "SW_prev[12]" is converted into an equivalent circuit using register "SW_prev[12]~_emulated" and latch "SW_prev[12]~49" File: D:/2402/MTRX3700/A2/uart_comm.sv Line: 80
    Warning (13310): Register "SW_prev[13]" is converted into an equivalent circuit using register "SW_prev[13]~_emulated" and latch "SW_prev[13]~53" File: D:/2402/MTRX3700/A2/uart_comm.sv Line: 80
    Warning (13310): Register "SW_prev[14]" is converted into an equivalent circuit using register "SW_prev[14]~_emulated" and latch "SW_prev[14]~57" File: D:/2402/MTRX3700/A2/uart_comm.sv Line: 80
    Warning (13310): Register "SW_prev[15]" is converted into an equivalent circuit using register "SW_prev[15]~_emulated" and latch "SW_prev[15]~61" File: D:/2402/MTRX3700/A2/uart_comm.sv Line: 80
    Warning (13310): Register "SW_prev[16]" is converted into an equivalent circuit using register "SW_prev[16]~_emulated" and latch "SW_prev[16]~65" File: D:/2402/MTRX3700/A2/uart_comm.sv Line: 80
    Warning (13310): Register "SW_prev[17]" is converted into an equivalent circuit using register "SW_prev[17]~_emulated" and latch "SW_prev[17]~69" File: D:/2402/MTRX3700/A2/uart_comm.sv Line: 80
Info (286030): Timing-Driven Synthesis is running
Info (144001): Generated suppressed messages file D:/2402/MTRX3700/A2/output_files/A2.map.smsg
Info (16010): Generating hard_block partition "hard_block:auto_generated_inst"
    Info (16011): Adding 0 node(s), including 0 DDIO, 0 PLL, 0 transceiver and 0 LCELL
Info (21057): Implemented 331 device resources after synthesis - the final resource count might be different
    Info (21058): Implemented 23 input pins
    Info (21059): Implemented 2 output pins
    Info (21061): Implemented 306 logic cells
Info: Quartus Prime Analysis & Synthesis was successful. 0 errors, 39 warnings
    Info: Peak virtual memory: 4857 megabytes
    Info: Processing ended: Tue Oct 08 23:27:25 2024
    Info: Elapsed time: 00:00:07
    Info: Total CPU time (on all processors): 00:00:04


+------------------------------------------+
; Analysis & Synthesis Suppressed Messages ;
+------------------------------------------+
The suppressed messages can be found in D:/2402/MTRX3700/A2/output_files/A2.map.smsg.


